<?xml version="1.0" encoding="UTF-8"?>
<!-- Generated by org.testng.reporters.JUnitReportReporter -->
<testsuite hostname="DELL" name="com.info.TestScripts.TC_001" tests="1" failures="0" timestamp="30 Jan 2018 17:22:05 GMT" time="45.462" errors="0">
  <testcase name="Enquiry_form" time="45.462" classname="com.info.TestScripts.TC_001"/>
</testsuite> <!-- com.info.TestScripts.TC_001 -->
