<?xml version="1.0" encoding="UTF-8"?>
<!-- Generated by org.testng.reporters.JUnitReportReporter -->
<testsuite hostname="DELL" name="com.info.TestScripts.TC_001" tests="1" failures="0" timestamp="29 Jan 2018 17:27:56 GMT" time="109.900" errors="0">
  <testcase name="Enquiry_form" time="109.900" classname="com.info.TestScripts.TC_001"/>
</testsuite> <!-- com.info.TestScripts.TC_001 -->
